Start testing: Jun 10 20:55 MDT
----------------------------------------------------------
1/6 Testing: Matrix_Library_Test.positive_row_col
1/6 Test: Matrix_Library_Test.positive_row_col
Command: "/home/casey/repos/duncan_casey/matrix_library/build/test/matrix_library_test" "--gtest_filter=Matrix_Library_Test.positive_row_col" "--gtest_also_run_disabled_tests"
Directory: /home/casey/repos/duncan_casey/matrix_library/build/test
"Matrix_Library_Test.positive_row_col" start time: Jun 10 20:55 MDT
Output:
----------------------------------------------------------
Running main() from /home/casey/repos/duncan_casey/matrix_library/build/_deps/googletest-src/googletest/src/gtest_main.cc
Note: Google Test filter = Matrix_Library_Test.positive_row_col
[==========] Running 1 test from 1 test suite.
[----------] Global test environment set-up.
[----------] 1 test from Matrix_Library_Test
[ RUN      ] Matrix_Library_Test.positive_row_col
Error: Matrix row and/or column sizes < 1.
[       OK ] Matrix_Library_Test.positive_row_col (0 ms)
[----------] 1 test from Matrix_Library_Test (0 ms total)

[----------] Global test environment tear-down
[==========] 1 test from 1 test suite ran. (0 ms total)
[  PASSED  ] 1 test.
<end of output>
Test time =   0.00 sec
----------------------------------------------------------
Test Passed.
"Matrix_Library_Test.positive_row_col" end time: Jun 10 20:55 MDT
"Matrix_Library_Test.positive_row_col" time elapsed: 00:00:00
----------------------------------------------------------

2/6 Testing: Matrix_Library_Test.multiplication_row_col_qty
2/6 Test: Matrix_Library_Test.multiplication_row_col_qty
Command: "/home/casey/repos/duncan_casey/matrix_library/build/test/matrix_library_test" "--gtest_filter=Matrix_Library_Test.multiplication_row_col_qty" "--gtest_also_run_disabled_tests"
Directory: /home/casey/repos/duncan_casey/matrix_library/build/test
"Matrix_Library_Test.multiplication_row_col_qty" start time: Jun 10 20:55 MDT
Output:
----------------------------------------------------------
Running main() from /home/casey/repos/duncan_casey/matrix_library/build/_deps/googletest-src/googletest/src/gtest_main.cc
Note: Google Test filter = Matrix_Library_Test.multiplication_row_col_qty
[==========] Running 1 test from 1 test suite.
[----------] Global test environment set-up.
[----------] 1 test from Matrix_Library_Test
[ RUN      ] Matrix_Library_Test.multiplication_row_col_qty
Error: Matrices cannot be multiplied due to mat1 columns not equalling mat2 rows.
[       OK ] Matrix_Library_Test.multiplication_row_col_qty (0 ms)
[----------] 1 test from Matrix_Library_Test (0 ms total)

[----------] Global test environment tear-down
[==========] 1 test from 1 test suite ran. (0 ms total)
[  PASSED  ] 1 test.
<end of output>
Test time =   0.00 sec
----------------------------------------------------------
Test Passed.
"Matrix_Library_Test.multiplication_row_col_qty" end time: Jun 10 20:55 MDT
"Matrix_Library_Test.multiplication_row_col_qty" time elapsed: 00:00:00
----------------------------------------------------------

3/6 Testing: Matrix_Library_Test.multiplication_result_size
3/6 Test: Matrix_Library_Test.multiplication_result_size
Command: "/home/casey/repos/duncan_casey/matrix_library/build/test/matrix_library_test" "--gtest_filter=Matrix_Library_Test.multiplication_result_size" "--gtest_also_run_disabled_tests"
Directory: /home/casey/repos/duncan_casey/matrix_library/build/test
"Matrix_Library_Test.multiplication_result_size" start time: Jun 10 20:55 MDT
Output:
----------------------------------------------------------
Running main() from /home/casey/repos/duncan_casey/matrix_library/build/_deps/googletest-src/googletest/src/gtest_main.cc
Note: Google Test filter = Matrix_Library_Test.multiplication_result_size
[==========] Running 1 test from 1 test suite.
[----------] Global test environment set-up.
[----------] 1 test from Matrix_Library_Test
[ RUN      ] Matrix_Library_Test.multiplication_result_size
[       OK ] Matrix_Library_Test.multiplication_result_size (0 ms)
[----------] 1 test from Matrix_Library_Test (0 ms total)

[----------] Global test environment tear-down
[==========] 1 test from 1 test suite ran. (0 ms total)
[  PASSED  ] 1 test.
<end of output>
Test time =   0.00 sec
----------------------------------------------------------
Test Passed.
"Matrix_Library_Test.multiplication_result_size" end time: Jun 10 20:55 MDT
"Matrix_Library_Test.multiplication_result_size" time elapsed: 00:00:00
----------------------------------------------------------

4/6 Testing: Matrix_Library_Test.multiplication_result_elements
4/6 Test: Matrix_Library_Test.multiplication_result_elements
Command: "/home/casey/repos/duncan_casey/matrix_library/build/test/matrix_library_test" "--gtest_filter=Matrix_Library_Test.multiplication_result_elements" "--gtest_also_run_disabled_tests"
Directory: /home/casey/repos/duncan_casey/matrix_library/build/test
"Matrix_Library_Test.multiplication_result_elements" start time: Jun 10 20:55 MDT
Output:
----------------------------------------------------------
Running main() from /home/casey/repos/duncan_casey/matrix_library/build/_deps/googletest-src/googletest/src/gtest_main.cc
Note: Google Test filter = Matrix_Library_Test.multiplication_result_elements
[==========] Running 1 test from 1 test suite.
[----------] Global test environment set-up.
[----------] 1 test from Matrix_Library_Test
[ RUN      ] Matrix_Library_Test.multiplication_result_elements
[       OK ] Matrix_Library_Test.multiplication_result_elements (0 ms)
[----------] 1 test from Matrix_Library_Test (0 ms total)

[----------] Global test environment tear-down
[==========] 1 test from 1 test suite ran. (0 ms total)
[  PASSED  ] 1 test.
<end of output>
Test time =   0.00 sec
----------------------------------------------------------
Test Passed.
"Matrix_Library_Test.multiplication_result_elements" end time: Jun 10 20:55 MDT
"Matrix_Library_Test.multiplication_result_elements" time elapsed: 00:00:00
----------------------------------------------------------

5/6 Testing: Matrix_Library_Test.transpose_result_size
5/6 Test: Matrix_Library_Test.transpose_result_size
Command: "/home/casey/repos/duncan_casey/matrix_library/build/test/matrix_library_test" "--gtest_filter=Matrix_Library_Test.transpose_result_size" "--gtest_also_run_disabled_tests"
Directory: /home/casey/repos/duncan_casey/matrix_library/build/test
"Matrix_Library_Test.transpose_result_size" start time: Jun 10 20:55 MDT
Output:
----------------------------------------------------------
Running main() from /home/casey/repos/duncan_casey/matrix_library/build/_deps/googletest-src/googletest/src/gtest_main.cc
Note: Google Test filter = Matrix_Library_Test.transpose_result_size
[==========] Running 1 test from 1 test suite.
[----------] Global test environment set-up.
[----------] 1 test from Matrix_Library_Test
[ RUN      ] Matrix_Library_Test.transpose_result_size
[       OK ] Matrix_Library_Test.transpose_result_size (0 ms)
[----------] 1 test from Matrix_Library_Test (0 ms total)

[----------] Global test environment tear-down
[==========] 1 test from 1 test suite ran. (0 ms total)
[  PASSED  ] 1 test.
<end of output>
Test time =   0.00 sec
----------------------------------------------------------
Test Passed.
"Matrix_Library_Test.transpose_result_size" end time: Jun 10 20:55 MDT
"Matrix_Library_Test.transpose_result_size" time elapsed: 00:00:00
----------------------------------------------------------

6/6 Testing: Matrix_Library_Test.transpose_result_elements
6/6 Test: Matrix_Library_Test.transpose_result_elements
Command: "/home/casey/repos/duncan_casey/matrix_library/build/test/matrix_library_test" "--gtest_filter=Matrix_Library_Test.transpose_result_elements" "--gtest_also_run_disabled_tests"
Directory: /home/casey/repos/duncan_casey/matrix_library/build/test
"Matrix_Library_Test.transpose_result_elements" start time: Jun 10 20:55 MDT
Output:
----------------------------------------------------------
Running main() from /home/casey/repos/duncan_casey/matrix_library/build/_deps/googletest-src/googletest/src/gtest_main.cc
Note: Google Test filter = Matrix_Library_Test.transpose_result_elements
[==========] Running 1 test from 1 test suite.
[----------] Global test environment set-up.
[----------] 1 test from Matrix_Library_Test
[ RUN      ] Matrix_Library_Test.transpose_result_elements
[       OK ] Matrix_Library_Test.transpose_result_elements (0 ms)
[----------] 1 test from Matrix_Library_Test (0 ms total)

[----------] Global test environment tear-down
[==========] 1 test from 1 test suite ran. (0 ms total)
[  PASSED  ] 1 test.
<end of output>
Test time =   0.00 sec
----------------------------------------------------------
Test Passed.
"Matrix_Library_Test.transpose_result_elements" end time: Jun 10 20:55 MDT
"Matrix_Library_Test.transpose_result_elements" time elapsed: 00:00:00
----------------------------------------------------------

End testing: Jun 10 20:55 MDT
